<?xml version="1.0" encoding="UTF-8"?>
<!-- Generated by org.testng.reporters.JUnitReportReporter -->
<testsuite hostname="DESKTOP-AP8LOSU" failures="0" tests="1" name="test.TestNgParameterDemo" time="0.014" errors="0" timestamp="2024-12-17T20:47:55 IST" skipped="0">
  <testcase classname="test.TestNgParameterDemo" name="test" time="0.014"/>
  <system-out/>
</testsuite> <!-- test.TestNgParameterDemo -->
