<?xml version="1.0" encoding="UTF-8"?>
<!-- Generated by org.testng.reporters.JUnitReportReporter -->
<testsuite hostname="DESKTOP-AP8LOSU" failures="0" tests="5" name="test.TestNgGroupDemo" time="0.033" errors="0" timestamp="2024-12-29T10:34:48 IST" skipped="0">
  <testcase classname="test.TestNgGroupDemo" name="test2" time="0.003"/>
  <system-out/>
  <testcase classname="test.TestNgGroupDemo" name="test5" time="0.002"/>
  <system-out/>
  <testcase classname="test.TestNgGroupDemo" name="test3" time="0.005"/>
  <system-out/>
  <testcase classname="test.TestNgGroupDemo" name="test4" time="0.005"/>
  <system-out/>
  <testcase classname="test.TestNgGroupDemo" name="test1" time="0.018"/>
  <system-out/>
</testsuite> <!-- test.TestNgGroupDemo -->
