<?xml version="1.0" encoding="UTF-8"?>
<!-- Generated by org.testng.reporters.JUnitReportReporter -->
<testsuite hostname="DESKTOP-AP8LOSU" failures="0" tests="1" name="test.TestNgTest" time="5.411" errors="0" timestamp="2024-12-29T16:24:38 IST" skipped="0">
  <testcase classname="test.TestNgTest" name="googleSearch" time="5.411"/>
  <system-out/>
</testsuite> <!-- test.TestNgTest -->
