<?xml version="1.0" encoding="UTF-8"?>
<!-- Generated by org.testng.reporters.JUnitReportReporter -->
<testsuite hostname="DESKTOP-AP8LOSU" failures="0" tests="3" name="test.TestNgDEpendencyDemo" time="0.024" errors="0" timestamp="2024-12-17T22:36:22 IST" skipped="0">
  <testcase classname="test.TestNgDEpendencyDemo" name="test1" time="0.003"/>
  <system-out/>
  <testcase classname="test.TestNgDEpendencyDemo" name="test2" time="0.018"/>
  <system-out/>
  <testcase classname="test.TestNgDEpendencyDemo" name="test3" time="0.003"/>
  <system-out/>
</testsuite> <!-- test.TestNgDEpendencyDemo -->
