<?xml version="1.0" encoding="UTF-8"?>
<!-- Generated by org.testng.reporters.JUnitReportReporter -->
<testsuite hostname="DESKTOP-AP8LOSU" failures="0" tests="1" name="test.TestNgTest2" time="7.020" errors="0" timestamp="2024-11-29T11:35:59 IST" skipped="0">
  <testcase classname="test.TestNgTest2" name="googleSearch3" time="7.020"/>
  <system-out/>
</testsuite> <!-- test.TestNgTest2 -->
