<?xml version="1.0" encoding="UTF-8"?>
<!-- Generated by org.testng.reporters.JUnitReportReporter -->
<testsuite hostname="DESKTOP-AP8LOSU" failures="0" tests="2" name="test.ExtentReportWithTestNg" time="2.177" errors="0" timestamp="2024-11-30T15:30:46 IST" skipped="0">
  <testcase classname="test.ExtentReportWithTestNg" name="test1" time="2.146"/>
  <system-out/>
  <testcase classname="test.ExtentReportWithTestNg" name="tes2" time="0.031"/>
  <system-out/>
</testsuite> <!-- test.ExtentReportWithTestNg -->
