<?xml version="1.0" encoding="UTF-8"?>
<!-- Generated by org.testng.reporters.JUnitReportReporter -->
<testsuite hostname="DESKTOP-AP8LOSU" failures="0" tests="3" name="listenersPackage.TestNGListnerDemo" time="0.021" errors="0" timestamp="2024-12-09T11:25:30 IST" skipped="0">
  <testcase classname="listenersPackage.TestNGListnerDemo" name="test3" time="0.003"/>
  <system-out/>
  <testcase classname="listenersPackage.TestNGListnerDemo" name="test2" time="0.002"/>
  <system-out/>
  <testcase classname="listenersPackage.TestNGListnerDemo" name="test1" time="0.016"/>
  <system-out/>
</testsuite> <!-- listenersPackage.TestNGListnerDemo -->
