<?xml version="1.0" encoding="UTF-8"?>
<!-- Generated by org.testng.reporters.JUnitReportReporter -->
<testsuite hostname="DESKTOP-AP8LOSU" failures="0" tests="1" name="test.TestNgTest" time="6.308" errors="0" timestamp="2024-12-07T21:14:35 IST" skipped="0">
  <testcase classname="test.TestNgTest" name="googleSearch" time="6.308"/>
  <system-out/>
</testsuite> <!-- test.TestNgTest -->
