<?xml version="1.0" encoding="UTF-8"?>
<!-- Generated by org.testng.reporters.JUnitReportReporter -->
<testsuite hostname="DESKTOP-AP8LOSU" failures="0" tests="1" name="test.TestNgIgnoreDemo" time="0.012" errors="0" timestamp="2024-12-17T22:48:33 IST" skipped="0">
  <testcase classname="test.TestNgIgnoreDemo" name="test2" time="0.012"/>
  <system-out/>
</testsuite> <!-- test.TestNgIgnoreDemo -->
