<?xml version="1.0" encoding="UTF-8"?>
<!-- Generated by org.testng.reporters.JUnitReportReporter -->
<testsuite hostname="DESKTOP-AP8LOSU" failures="0" tests="1" name="test.OrangeHRMTest" time="17.594" errors="0" timestamp="2024-12-29T16:21:17 IST" skipped="0">
  <testcase classname="test.OrangeHRMTest" name="testUntitledTestCase" time="17.594"/>
  <system-out/>
</testsuite> <!-- test.OrangeHRMTest -->
